Application/build/outputs/logs/manifest-merger-debug-report.txt
-- Merging decision tree log ---
manifest
ADDED from src/main/AndroidManifest.xml:16:1-85:12
	package
		ADDED from src/main/AndroidManifest.xml:18:5-56
		INJECTED from src/main/AndroidManifest.xml
		INJECTED from src/main/AndroidManifest.xml
	android:versionName
		INJECTED from src/main/AndroidManifest.xml
		INJECTED from src/main/AndroidManifest.xml
	xmlns:tools
		ADDED from src/main/AndroidManifest.xml:17:5-51
	xmlns:android
		ADDED from src/main/AndroidManifest.xml:16:11-69
	android:versionCode
		INJECTED from src/main/AndroidManifest.xml
		INJECTED from src/main/AndroidManifest.xml
uses-permission#android.permission.INTERNET
ADDED from src/main/AndroidManifest.xml:20:5-67
MERGED from [com.cloudinary:cloudinary-android:1.20.0] AndroidManifest.xml:11:5-67
MERGED from [com.google.android.gms:play-services-maps:11.0.4] AndroidManifest.xml:20:5-66
	android:name
		ADDED from src/main/AndroidManifest.xml:20:22-64
uses-permission#android.permission.ACCESS_FINE_LOCATION
ADDED from src/main/AndroidManifest.xml:21:5-79
	android:name
		ADDED from src/main/AndroidManifest.xml:21:22-76
uses-permission#android.permission.WAKE_LOCK
ADDED from src/main/AndroidManifest.xml:22:5-68
MERGED from [com.evernote:android-job:1.1.8] AndroidManifest.xml:12:5-68
	android:name
		ADDED from src/main/AndroidManifest.xml:22:22-65
uses-permission#android.permission.READ_EXTERNAL_STORAGE
ADDED from src/main/AndroidManifest.xml:23:5-80
	android:name
		ADDED from src/main/AndroidManifest.xml:23:22-77
uses-permission#android.permission.WRITE_EXTERNAL_STORAGE
ADDED from src/main/AndroidManifest.xml:24:5-81
	android:name
		ADDED from src/main/AndroidManifest.xml:24:22-78
application
ADDED from src/main/AndroidManifest.xml:26:5-83:19
MERGED from [TouristAttractions:Shared:unspecified] AndroidManifest.xml:24:5-47
MERGED from [com.google.android.gms:play-services-location:11.0.4] AndroidManifest.xml:4:5-19
MERGED from [com.google.maps.android:android-maps-utils:0.3.4] AndroidManifest.xml:7:5-20
MERGED from [com.android.support:design:25.3.1] AndroidManifest.xml:29:5-20
MERGED from [com.android.support:appcompat-v7:25.3.1] AndroidManifest.xml:29:5-20
MERGED from [com.android.support:animated-vector-drawable:25.3.1] AndroidManifest.xml:26:5-20
MERGED from [com.android.support:support-vector-drawable:25.3.1] AndroidManifest.xml:26:5-20
MERGED from [com.android.support:transition:25.3.1] AndroidManifest.xml:26:5-20
MERGED from [com.google.android.gms:play-services-wearable:11.0.4] AndroidManifest.xml:18:5-19
MERGED from [com.android.support:support-v13:25.3.1] AndroidManifest.xml:29:5-20
MERGED from [com.cloudinary:cloudinary-android:1.20.0] AndroidManifest.xml:13:5-67
MERGED from [com.evernote:android-job:1.1.8] AndroidManifest.xml:16:5-58:19
MERGED from [com.google.android.gms:play-services-maps:11.0.4] AndroidManifest.xml:24:5-19
MERGED from [com.google.android.gms:play-services-base:11.0.4] AndroidManifest.xml:18:5-20:19
MERGED from [com.google.android.gms:play-services-tasks:11.0.4] AndroidManifest.xml:4:5-19
MERGED from [com.google.android.gms:play-services-basement:11.0.4] AndroidManifest.xml:19:5-21:19
MERGED from [com.android.support:support-v4:25.3.1] AndroidManifest.xml:29:5-20
MERGED from [com.android.support:support-fragment:25.3.1] AndroidManifest.xml:29:5-20
MERGED from [com.android.support:support-media-compat:25.3.1] AndroidManifest.xml:29:5-20
MERGED from [com.android.support:support-core-ui:25.3.1] AndroidManifest.xml:29:5-20
MERGED from [com.android.support:support-core-utils:25.4.0] AndroidManifest.xml:25:5-29:19
MERGED from [com.android.support:support-compat:25.4.0] AndroidManifest.xml:25:5-29:19
	android:label
		ADDED from src/main/AndroidManifest.xml:30:9-41
	android:fullBackupContent
		ADDED from src/main/AndroidManifest.xml:28:9-41
		REJECTED from [com.cloudinary:cloudinary-android:1.20.0] AndroidManifest.xml:13:18-64
	tools:ignore
		ADDED from [com.evernote:android-job:1.1.8] AndroidManifest.xml:16:18-44
	android:allowBackup
		ADDED from src/main/AndroidManifest.xml:27:9-35
	android:icon
		ADDED from src/main/AndroidManifest.xml:29:9-43
	android:theme
		ADDED from src/main/AndroidManifest.xml:31:9-43
	tools:replace
		ADDED from src/main/AndroidManifest.xml:32:9-50
meta-data#CLOUDINARY_URL
ADDED from src/main/AndroidManifest.xml:33:9-35:55
	android:value
		ADDED from src/main/AndroidManifest.xml:35:13-52
	android:name
		ADDED from src/main/AndroidManifest.xml:34:13-42
activity#com.example.android.xyztouristattractions.ui.AttractionListActivity
ADDED from src/main/AndroidManifest.xml:37:9-45:20
	android:label
		ADDED from src/main/AndroidManifest.xml:39:13-45
	android:name
		ADDED from src/main/AndroidManifest.xml:38:13-54
intent-filter#android.intent.action.MAIN+android.intent.category.LAUNCHER
ADDED from src/main/AndroidManifest.xml:40:13-44:29
action#android.intent.action.MAIN
ADDED from src/main/AndroidManifest.xml:41:17-69
	android:name
		ADDED from src/main/AndroidManifest.xml:41:25-66
category#android.intent.category.LAUNCHER
ADDED from src/main/AndroidManifest.xml:43:17-77
	android:name
		ADDED from src/main/AndroidManifest.xml:43:27-74
activity#com.example.android.xyztouristattractions.ui.DetailActivity
ADDED from src/main/AndroidManifest.xml:46:9-50:57
	android:label
		ADDED from src/main/AndroidManifest.xml:48:13-45
	android:parentActivityName
		ADDED from src/main/AndroidManifest.xml:49:13-68
	android:theme
		ADDED from src/main/AndroidManifest.xml:50:13-54
	android:name
		ADDED from src/main/AndroidManifest.xml:47:13-46
receiver#com.example.android.xyztouristattractions.service.UtilityReceiver
ADDED from src/main/AndroidManifest.xml:52:9-61
	android:name
		ADDED from src/main/AndroidManifest.xml:52:19-58
service#com.example.android.xyztouristattractions.service.UtilityService
ADDED from src/main/AndroidManifest.xml:54:9-59
	android:name
		ADDED from src/main/AndroidManifest.xml:54:18-56
meta-data#com.google.android.gms.version
ADDED from src/main/AndroidManifest.xml:57:9-59:69
MERGED from [com.google.android.gms:play-services-basement:11.0.4] AndroidManifest.xml:20:9-121
	android:value
		ADDED from src/main/AndroidManifest.xml:59:13-66
	android:name
		ADDED from src/main/AndroidManifest.xml:58:13-58
meta-data#com.example.android.xyztouristattractions.config.GlideConfiguration
ADDED from src/main/AndroidManifest.xml:60:9-62:43
	android:value
		ADDED from src/main/AndroidManifest.xml:62:13-40
	android:name
		ADDED from src/main/AndroidManifest.xml:61:13-95
activity#com.example.android.xyztouristattractions.ui.ScrollingActivity
ADDED from src/main/AndroidManifest.xml:64:9-67:62
	android:label
		ADDED from src/main/AndroidManifest.xml:66:13-61
	android:theme
		ADDED from src/main/AndroidManifest.xml:67:13-59
	android:name
		ADDED from src/main/AndroidManifest.xml:65:13-49
meta-data#com.google.android.geo.API_KEY
ADDED from src/main/AndroidManifest.xml:76:9-78:55
	android:value
		ADDED from src/main/AndroidManifest.xml:78:13-52
	android:name
		ADDED from src/main/AndroidManifest.xml:77:13-58
activity#com.example.android.xyztouristattractions.ui.MapsActivity
ADDED from src/main/AndroidManifest.xml:80:9-82:68
	android:label
		ADDED from src/main/AndroidManifest.xml:82:13-56
	android:name
		ADDED from src/main/AndroidManifest.xml:81:13-44
uses-sdk
INJECTED from src/main/AndroidManifest.xml reason: use-sdk injection requested
MERGED from [TouristAttractions:Shared:unspecified] AndroidManifest.xml:20:5-22:41
MERGED from [com.google.android.gms:play-services-location:11.0.4] AndroidManifest.xml:3:5-43
MERGED from [com.google.maps.android:android-maps-utils:0.3.4] AndroidManifest.xml:5:5-43
MERGED from [com.android.support:design:25.3.1] AndroidManifest.xml:21:5-23:62
MERGED from [com.android.support:appcompat-v7:25.3.1] AndroidManifest.xml:21:5-23:78
MERGED from [com.android.support:animated-vector-drawable:25.3.1] AndroidManifest.xml:20:5-44
MERGED from [com.android.support:support-vector-drawable:25.3.1] AndroidManifest.xml:20:5-43
MERGED from [com.android.support:recyclerview-v7:25.3.1] AndroidManifest.xml:20:5-43
MERGED from [com.android.support:transition:25.3.1] AndroidManifest.xml:20:5-44
MERGED from [com.google.android.gms:play-services-wearable:11.0.4] AndroidManifest.xml:17:5-43
MERGED from [com.android.support:support-v13:25.3.1] AndroidManifest.xml:21:5-23:55
MERGED from [com.cloudinary:cloudinary-android:1.20.0] AndroidManifest.xml:7:5-9:41
MERGED from [com.evernote:android-job:1.1.8] AndroidManifest.xml:8:5-10:41
MERGED from [net.vrallev.android:cat:1.0.5] AndroidManifest.xml:7:5-9:41
MERGED from [com.google.android.gms:play-services-maps:11.0.4] AndroidManifest.xml:23:5-43
MERGED from [com.google.android.gms:play-services-base:11.0.4] AndroidManifest.xml:17:5-43
MERGED from [com.google.android.gms:play-services-tasks:11.0.4] AndroidManifest.xml:3:5-43
MERGED from [com.google.android.gms:play-services-basement:11.0.4] AndroidManifest.xml:17:5-43
MERGED from [com.android.support:support-v4:25.3.1] AndroidManifest.xml:21:5-23:54
MERGED from [com.android.support:support-fragment:25.3.1] AndroidManifest.xml:21:5-23:60
MERGED from [com.android.support:support-media-compat:25.3.1] AndroidManifest.xml:21:5-23:63
MERGED from [com.android.support:support-core-ui:25.3.1] AndroidManifest.xml:21:5-23:58
MERGED from [com.android.support:support-core-utils:25.4.0] AndroidManifest.xml:21:5-23:61
MERGED from [com.android.support:support-compat:25.4.0] AndroidManifest.xml:21:5-23:58
	tools:overrideLibrary
		ADDED from [com.android.support:design:25.3.1] AndroidManifest.xml:23:9-59
	android:targetSdkVersion
		INJECTED from src/main/AndroidManifest.xml
		INJECTED from src/main/AndroidManifest.xml
	android:minSdkVersion
		INJECTED from src/main/AndroidManifest.xml
		INJECTED from src/main/AndroidManifest.xml
meta-data#android.support.VERSION
ADDED from [com.android.support:design:25.3.1] AndroidManifest.xml:25:5-27:34
MERGED from [com.android.support:appcompat-v7:25.3.1] AndroidManifest.xml:25:5-27:34
MERGED from [com.android.support:animated-vector-drawable:25.3.1] AndroidManifest.xml:22:5-24:34
MERGED from [com.android.support:support-vector-drawable:25.3.1] AndroidManifest.xml:22:5-24:34
MERGED from [com.android.support:recyclerview-v7:25.3.1] AndroidManifest.xml:22:5-24:34
MERGED from [com.android.support:transition:25.3.1] AndroidManifest.xml:22:5-24:34
MERGED from [com.android.support:support-v13:25.3.1] AndroidManifest.xml:25:5-27:34
MERGED from [com.android.support:support-v4:25.3.1] AndroidManifest.xml:25:5-27:34
MERGED from [com.android.support:support-fragment:25.3.1] AndroidManifest.xml:25:5-27:34
MERGED from [com.android.support:support-media-compat:25.3.1] AndroidManifest.xml:25:5-27:34
MERGED from [com.android.support:support-core-ui:25.3.1] AndroidManifest.xml:25:5-27:34
MERGED from [com.android.support:support-compat:25.4.0] AndroidManifest.xml:26:9-28:38
	android:value
		ADDED from [com.android.support:design:25.3.1] AndroidManifest.xml:27:9-31
	android:name
		ADDED from [com.android.support:design:25.3.1] AndroidManifest.xml:26:9-47
uses-permission#android.permission.ACCESS_NETWORK_STATE
ADDED from [com.evernote:android-job:1.1.8] AndroidManifest.xml:13:5-79
MERGED from [com.google.android.gms:play-services-maps:11.0.4] AndroidManifest.xml:19:5-78
	android:name
		ADDED from [com.evernote:android-job:1.1.8] AndroidManifest.xml:13:22-76
uses-permission#android.permission.RECEIVE_BOOT_COMPLETED
ADDED from [com.evernote:android-job:1.1.8] AndroidManifest.xml:14:5-81
	android:name
		ADDED from [com.evernote:android-job:1.1.8] AndroidManifest.xml:14:22-78
service#com.evernote.android.job.v21.PlatformJobService
ADDED from [com.evernote:android-job:1.1.8] AndroidManifest.xml:17:9-20:72
	android:exported
		ADDED from [com.evernote:android-job:1.1.8] AndroidManifest.xml:19:13-37
	android:permission
		ADDED from [com.evernote:android-job:1.1.8] AndroidManifest.xml:20:13-69
	android:name
		ADDED from [com.evernote:android-job:1.1.8] AndroidManifest.xml:18:13-75
service#com.evernote.android.job.v14.PlatformAlarmService
ADDED from [com.evernote:android-job:1.1.8] AndroidManifest.xml:21:9-23:40
	android:exported
		ADDED from [com.evernote:android-job:1.1.8] AndroidManifest.xml:23:13-37
	android:name
		ADDED from [com.evernote:android-job:1.1.8] AndroidManifest.xml:22:13-77
receiver#com.evernote.android.job.v14.PlatformAlarmReceiver
ADDED from [com.evernote:android-job:1.1.8] AndroidManifest.xml:25:9-34:20
	android:exported
		ADDED from [com.evernote:android-job:1.1.8] AndroidManifest.xml:27:13-37
	android:name
		ADDED from [com.evernote:android-job:1.1.8] AndroidManifest.xml:26:13-78
intent-filter#com.evernote.android.job.v14.RUN_JOB+net.vrallev.android.job.v14.RUN_JOB
ADDED from [com.evernote:android-job:1.1.8] AndroidManifest.xml:28:13-33:29
action#com.evernote.android.job.v14.RUN_JOB
ADDED from [com.evernote:android-job:1.1.8] AndroidManifest.xml:31:17-79
	android:name
		ADDED from [com.evernote:android-job:1.1.8] AndroidManifest.xml:31:25-76
action#net.vrallev.android.job.v14.RUN_JOB
ADDED from [com.evernote:android-job:1.1.8] AndroidManifest.xml:32:17-78
	android:name
		ADDED from [com.evernote:android-job:1.1.8] AndroidManifest.xml:32:25-75
receiver#com.evernote.android.job.JobBootReceiver
ADDED from [com.evernote:android-job:1.1.8] AndroidManifest.xml:35:9-44:20
	android:exported
		ADDED from [com.evernote:android-job:1.1.8] AndroidManifest.xml:37:13-37
	android:name
		ADDED from [com.evernote:android-job:1.1.8] AndroidManifest.xml:36:13-68
intent-filter#android.intent.action.BOOT_COMPLETED+android.intent.action.MY_PACKAGE_REPLACED+android.intent.action.QUICKBOOT_POWERON+com.htc.intent.action.QUICKBOOT_POWERON
ADDED from [com.evernote:android-job:1.1.8] AndroidManifest.xml:38:13-43:29
action#android.intent.action.BOOT_COMPLETED
ADDED from [com.evernote:android-job:1.1.8] AndroidManifest.xml:39:17-79
	android:name
		ADDED from [com.evernote:android-job:1.1.8] AndroidManifest.xml:39:25-76
action#android.intent.action.QUICKBOOT_POWERON
ADDED from [com.evernote:android-job:1.1.8] AndroidManifest.xml:40:17-82
	android:name
		ADDED from [com.evernote:android-job:1.1.8] AndroidManifest.xml:40:25-79
action#com.htc.intent.action.QUICKBOOT_POWERON
ADDED from [com.evernote:android-job:1.1.8] AndroidManifest.xml:41:17-82
	android:name
		ADDED from [com.evernote:android-job:1.1.8] AndroidManifest.xml:41:25-79
action#android.intent.action.MY_PACKAGE_REPLACED
ADDED from [com.evernote:android-job:1.1.8] AndroidManifest.xml:42:17-84
	android:name
		ADDED from [com.evernote:android-job:1.1.8] AndroidManifest.xml:42:25-81
service#com.evernote.android.job.gcm.PlatformGcmService
ADDED from [com.evernote:android-job:1.1.8] AndroidManifest.xml:46:9-54:19
	android:enabled
		ADDED from [com.evernote:android-job:1.1.8] AndroidManifest.xml:48:13-36
	android:exported
		ADDED from [com.evernote:android-job:1.1.8] AndroidManifest.xml:49:13-36
	android:permission
		ADDED from [com.evernote:android-job:1.1.8] AndroidManifest.xml:50:13-93
	android:name
		ADDED from [com.evernote:android-job:1.1.8] AndroidManifest.xml:47:13-75
intent-filter#com.google.android.gms.gcm.ACTION_TASK_READY
ADDED from [com.evernote:android-job:1.1.8] AndroidManifest.xml:51:13-53:29
action#com.google.android.gms.gcm.ACTION_TASK_READY
ADDED from [com.evernote:android-job:1.1.8] AndroidManifest.xml:52:17-87
	android:name
		ADDED from [com.evernote:android-job:1.1.8] AndroidManifest.xml:52:25-84
service#com.evernote.android.job.JobRescheduleService
ADDED from [com.evernote:android-job:1.1.8] AndroidManifest.xml:55:9-57:40
	android:exported
		ADDED from [com.evernote:android-job:1.1.8] AndroidManifest.xml:57:13-37
	android:name
		ADDED from [com.evernote:android-job:1.1.8] AndroidManifest.xml:56:13-73
uses-feature#0x00020000
ADDED from [com.google.android.gms:play-services-maps:11.0.4] AndroidManifest.xml:21:5-77
	android:glEsVersion
		ADDED from [com.google.android.gms:play-services-maps:11.0.4] AndroidManifest.xml:21:19-51
	android:required
		ADDED from [com.google.android.gms:play-services-maps:11.0.4] AndroidManifest.xml:21:52-75
activity#com.google.android.gms.common.api.GoogleApiActivity
ADDED from [com.google.android.gms:play-services-base:11.0.4] AndroidManifest.xml:19:9-172
	android:exported
		ADDED from [com.google.android.gms:play-services-base:11.0.4] AndroidManifest.xml:19:146-170
	android:theme
		ADDED from [com.google.android.gms:play-services-base:11.0.4] AndroidManifest.xml:19:86-145
	android:name
		ADDED from [com.google.android.gms:play-services-base:11.0.4] AndroidManifest.xml:19:19-85